Build started 28/06/2019 09:49:22 م.
     1>Project "C:\Users\Nader\Documents\Visual Studio 2012\Projects\SocialMediaAnalysis\SocialMediaAnalysis\SocialMediaAnalysis.vcxproj" on node 2 (Build target(s)).
     1>ClCompile:
         C:\Program Files (x86)\Microsoft Visual Studio 11.0\VC\bin\CL.exe /c /ZI /nologo /W3 /WX- /Od /Oy- /D WIN32 /D _DEBUG /D _CONSOLE /D _UNICODE /D UNICODE /Gm /EHsc /MTd /GS /fp:precise /Zc:wchar_t /Zc:forScope /Fo"Debug\\" /Fd"Debug\vc110.pdb" /Gd /TP /analyze- /errorReport:prompt Graph.cpp Main.cpp
         Main.cpp
     1>c:\users\nader\documents\visual studio 2012\projects\socialmediaanalysis\socialmediaanalysis\main.cpp(18): warning C4996: 'freopen': This function or variable may be unsafe. Consider using freopen_s instead. To disable deprecation, use _CRT_SECURE_NO_WARNINGS. See online help for details.
                 c:\program files (x86)\microsoft visual studio 11.0\vc\include\stdio.h(233) : see declaration of 'freopen'
     1>c:\users\nader\documents\visual studio 2012\projects\socialmediaanalysis\socialmediaanalysis\main.cpp(62): warning C4018: '<' : signed/unsigned mismatch
     1>c:\users\nader\documents\visual studio 2012\projects\socialmediaanalysis\socialmediaanalysis\main.cpp(69): warning C4018: '<' : signed/unsigned mismatch
     1>c:\users\nader\documents\visual studio 2012\projects\socialmediaanalysis\socialmediaanalysis\main.cpp(75): warning C4018: '<' : signed/unsigned mismatch
         Graph.cpp
     1>c:\users\nader\documents\visual studio 2012\projects\socialmediaanalysis\socialmediaanalysis\graph.cpp(33): warning C4018: '<' : signed/unsigned mismatch
     1>c:\users\nader\documents\visual studio 2012\projects\socialmediaanalysis\socialmediaanalysis\graph.cpp(49): warning C4244: 'argument' : conversion from 'double' to 'const int', possible loss of data
     1>c:\users\nader\documents\visual studio 2012\projects\socialmediaanalysis\socialmediaanalysis\graph.cpp(68): warning C4018: '<' : signed/unsigned mismatch
     1>c:\users\nader\documents\visual studio 2012\projects\socialmediaanalysis\socialmediaanalysis\graph.cpp(87): warning C4018: '<' : signed/unsigned mismatch
         Generating Code...
       ResourceCompile:
         C:\Program Files (x86)\Windows Kits\8.0\bin\x86\rc.exe /D _UNICODE /D UNICODE /l"0x0409" /nologo /fo"Debug\SocialMediaAnalysis.res" SocialMediaAnalysis.rc 
       Link:
         C:\Program Files (x86)\Microsoft Visual Studio 11.0\VC\bin\link.exe /ERRORREPORT:PROMPT /OUT:"C:\Users\Nader\Documents\Visual Studio 2012\Projects\SocialMediaAnalysis\Debug\SocialMediaAnalysis.exe" /INCREMENTAL /NOLOGO kernel32.lib user32.lib gdi32.lib winspool.lib comdlg32.lib advapi32.lib shell32.lib ole32.lib oleaut32.lib uuid.lib odbc32.lib odbccp32.lib /MANIFEST /MANIFESTUAC:"level='asInvoker' uiAccess='false'" /manifest:embed /DEBUG /PDB:"C:\Users\Nader\Documents\Visual Studio 2012\Projects\SocialMediaAnalysis\Debug\SocialMediaAnalysis.pdb" /SUBSYSTEM:CONSOLE /TLBID:1 /DYNAMICBASE /NXCOMPAT /IMPLIB:"C:\Users\Nader\Documents\Visual Studio 2012\Projects\SocialMediaAnalysis\Debug\SocialMediaAnalysis.lib" /MACHINE:X86 Debug\SocialMediaAnalysis.res
         Debug\Graph.obj
         Debug\Main.obj
         LINK : C:\Users\Nader\Documents\Visual Studio 2012\Projects\SocialMediaAnalysis\Debug\SocialMediaAnalysis.exe not found or not built by the last incremental link; performing full link
         SocialMediaAnalysis.vcxproj -> C:\Users\Nader\Documents\Visual Studio 2012\Projects\SocialMediaAnalysis\Debug\SocialMediaAnalysis.exe
     1>Done Building Project "C:\Users\Nader\Documents\Visual Studio 2012\Projects\SocialMediaAnalysis\SocialMediaAnalysis\SocialMediaAnalysis.vcxproj" (Build target(s)).

Build succeeded.

Time Elapsed 00:00:02.62
